Analysis & Synthesis report for DE10_LITE_Small
Tue May 24 17:17:49 2022
Quartus Prime Version 21.1.0 Build 842 10/21/2021 SJ Lite Edition


---------------------
; Table of Contents ;
---------------------
  1. Legal Notice
  2. Analysis & Synthesis Summary
  3. Analysis & Synthesis Settings
  4. Parallel Compilation
  5. Analysis & Synthesis Source Files Read
  6. Analysis & Synthesis Resource Usage Summary
  7. Analysis & Synthesis Resource Utilization by Entity
  8. Registers Removed During Synthesis
  9. Removed Registers Triggering Further Register Optimizations
 10. General Register Statistics
 11. Inverted Register Statistics
 12. Multiplexer Restructuring Statistics (Restructuring Performed)
 13. Parameter Settings for User Entity Instance: spi_ee_config:u_spi_ee_config
 14. Parameter Settings for User Entity Instance: spi_ee_config:u_spi_ee_config|spi_controller:u_spi_controller
 15. Port Connectivity Checks: "spi_ee_config:u_spi_ee_config"
 16. Port Connectivity Checks: "SEG7_LUT_6:u0"
 17. Post-Synthesis Netlist Statistics for Top Partition
 18. Elapsed Time Per Partition
 19. Analysis & Synthesis Messages
 20. Analysis & Synthesis Suppressed Messages



----------------
; Legal Notice ;
----------------
Copyright (C) 2021  Intel Corporation. All rights reserved.
Your use of Intel Corporation's design tools, logic functions 
and other software and tools, and any partner logic 
functions, and any output files from any of the foregoing 
(including device programming or simulation files), and any 
associated documentation or information are expressly subject 
to the terms and conditions of the Intel Program License 
Subscription Agreement, the Intel Quartus Prime License Agreement,
the Intel FPGA IP License Agreement, or other applicable license
agreement, including, without limitation, that your use is for
the sole purpose of programming logic devices manufactured by
Intel and sold by Intel or its authorized distributors.  Please
refer to the applicable agreement for further details, at
https://fpgasoftware.intel.com/eula.



+----------------------------------------------------------------------------------+
; Analysis & Synthesis Summary                                                     ;
+------------------------------------+---------------------------------------------+
; Analysis & Synthesis Status        ; Successful - Tue May 24 17:17:49 2022       ;
; Quartus Prime Version              ; 21.1.0 Build 842 10/21/2021 SJ Lite Edition ;
; Revision Name                      ; DE10_LITE_Small                             ;
; Top-level Entity Name              ; DE10_LITE_Small                             ;
; Family                             ; MAX 10                                      ;
; Total logic elements               ; 126                                         ;
;     Total combinational functions  ; 124                                         ;
;     Dedicated logic registers      ; 75                                          ;
; Total registers                    ; 75                                          ;
; Total pins                         ; 69                                          ;
; Total virtual pins                 ; 0                                           ;
; Total memory bits                  ; 0                                           ;
; Embedded Multiplier 9-bit elements ; 0                                           ;
; Total PLLs                         ; 0                                           ;
; UFM blocks                         ; 0                                           ;
; ADC blocks                         ; 0                                           ;
+------------------------------------+---------------------------------------------+


+------------------------------------------------------------------------------------------------------------+
; Analysis & Synthesis Settings                                                                              ;
+------------------------------------------------------------------+--------------------+--------------------+
; Option                                                           ; Setting            ; Default Value      ;
+------------------------------------------------------------------+--------------------+--------------------+
; Device                                                           ; 10M50DAF484C7G     ;                    ;
; Top-level entity name                                            ; DE10_LITE_Small    ; DE10_LITE_Small    ;
; Family name                                                      ; MAX 10 FPGA        ; Cyclone V          ;
; Use smart compilation                                            ; Off                ; Off                ;
; Enable parallel Assembler and Timing Analyzer during compilation ; On                 ; On                 ;
; Enable compact report table                                      ; Off                ; Off                ;
; Restructure Multiplexers                                         ; Auto               ; Auto               ;
; Create Debugging Nodes for IP Cores                              ; Off                ; Off                ;
; Preserve fewer node names                                        ; On                 ; On                 ;
; Intel FPGA IP Evaluation Mode                                    ; Enable             ; Enable             ;
; Verilog Version                                                  ; Verilog_2001       ; Verilog_2001       ;
; VHDL Version                                                     ; VHDL_1993          ; VHDL_1993          ;
; State Machine Processing                                         ; Auto               ; Auto               ;
; Safe State Machine                                               ; Off                ; Off                ;
; Extract Verilog State Machines                                   ; On                 ; On                 ;
; Extract VHDL State Machines                                      ; On                 ; On                 ;
; Ignore Verilog initial constructs                                ; Off                ; Off                ;
; Iteration limit for constant Verilog loops                       ; 5000               ; 5000               ;
; Iteration limit for non-constant Verilog loops                   ; 250                ; 250                ;
; Add Pass-Through Logic to Inferred RAMs                          ; On                 ; On                 ;
; Infer RAMs from Raw Logic                                        ; On                 ; On                 ;
; Parallel Synthesis                                               ; On                 ; On                 ;
; DSP Block Balancing                                              ; Auto               ; Auto               ;
; NOT Gate Push-Back                                               ; On                 ; On                 ;
; Power-Up Don't Care                                              ; On                 ; On                 ;
; Remove Redundant Logic Cells                                     ; Off                ; Off                ;
; Remove Duplicate Registers                                       ; On                 ; On                 ;
; Ignore CARRY Buffers                                             ; Off                ; Off                ;
; Ignore CASCADE Buffers                                           ; Off                ; Off                ;
; Ignore GLOBAL Buffers                                            ; Off                ; Off                ;
; Ignore ROW GLOBAL Buffers                                        ; Off                ; Off                ;
; Ignore LCELL Buffers                                             ; Off                ; Off                ;
; Ignore SOFT Buffers                                              ; On                 ; On                 ;
; Limit AHDL Integers to 32 Bits                                   ; Off                ; Off                ;
; Optimization Technique                                           ; Balanced           ; Balanced           ;
; Carry Chain Length                                               ; 70                 ; 70                 ;
; Auto Carry Chains                                                ; On                 ; On                 ;
; Auto Open-Drain Pins                                             ; On                 ; On                 ;
; Perform WYSIWYG Primitive Resynthesis                            ; Off                ; Off                ;
; Auto ROM Replacement                                             ; On                 ; On                 ;
; Auto RAM Replacement                                             ; On                 ; On                 ;
; Auto DSP Block Replacement                                       ; On                 ; On                 ;
; Auto Shift Register Replacement                                  ; Auto               ; Auto               ;
; Allow Shift Register Merging across Hierarchies                  ; Auto               ; Auto               ;
; Auto Clock Enable Replacement                                    ; On                 ; On                 ;
; Strict RAM Replacement                                           ; Off                ; Off                ;
; Allow Synchronous Control Signals                                ; On                 ; On                 ;
; Force Use of Synchronous Clear Signals                           ; Off                ; Off                ;
; Auto RAM Block Balancing                                         ; On                 ; On                 ;
; Auto RAM to Logic Cell Conversion                                ; Off                ; Off                ;
; Auto Resource Sharing                                            ; Off                ; Off                ;
; Allow Any RAM Size For Recognition                               ; Off                ; Off                ;
; Allow Any ROM Size For Recognition                               ; Off                ; Off                ;
; Allow Any Shift Register Size For Recognition                    ; Off                ; Off                ;
; Use LogicLock Constraints during Resource Balancing              ; On                 ; On                 ;
; Ignore translate_off and synthesis_off directives                ; Off                ; Off                ;
; Timing-Driven Synthesis                                          ; On                 ; On                 ;
; Report Parameter Settings                                        ; On                 ; On                 ;
; Report Source Assignments                                        ; On                 ; On                 ;
; Report Connectivity Checks                                       ; On                 ; On                 ;
; Ignore Maximum Fan-Out Assignments                               ; Off                ; Off                ;
; Synchronization Register Chain Length                            ; 2                  ; 2                  ;
; Power Optimization During Synthesis                              ; Normal compilation ; Normal compilation ;
; HDL message level                                                ; Level2             ; Level2             ;
; Suppress Register Optimization Related Messages                  ; Off                ; Off                ;
; Number of Removed Registers Reported in Synthesis Report         ; 5000               ; 5000               ;
; Number of Swept Nodes Reported in Synthesis Report               ; 5000               ; 5000               ;
; Number of Inverted Registers Reported in Synthesis Report        ; 100                ; 100                ;
; Clock MUX Protection                                             ; On                 ; On                 ;
; Auto Gated Clock Conversion                                      ; Off                ; Off                ;
; Block Design Naming                                              ; Auto               ; Auto               ;
; SDC constraint protection                                        ; Off                ; Off                ;
; Synthesis Effort                                                 ; Auto               ; Auto               ;
; Shift Register Replacement - Allow Asynchronous Clear Signal     ; On                 ; On                 ;
; Pre-Mapping Resynthesis Optimization                             ; Off                ; Off                ;
; Analysis & Synthesis Message Level                               ; Medium             ; Medium             ;
; Disable Register Merging Across Hierarchies                      ; Auto               ; Auto               ;
; Resource Aware Inference For Block RAM                           ; On                 ; On                 ;
+------------------------------------------------------------------+--------------------+--------------------+


+------------------------------------------+
; Parallel Compilation                     ;
+----------------------------+-------------+
; Processors                 ; Number      ;
+----------------------------+-------------+
; Number detected on machine ; 4           ;
; Maximum allowed            ; 2           ;
;                            ;             ;
; Average used               ; 1.00        ;
; Maximum used               ; 2           ;
;                            ;             ;
; Usage by Processor         ; % Time Used ;
;     Processor 1            ; 100.0%      ;
;     Processor 2            ;   0.0%      ;
+----------------------------+-------------+


+-------------------------------------------------------------------------------------------------------------------------------------------------------------------------------------------------------------------------------------+
; Analysis & Synthesis Source Files Read                                                                                                                                                                                              ;
+----------------------------------+-----------------+------------------------+---------------------------------------------------------------------------------------------------------------------------------------------+---------+
; File Name with User-Entered Path ; Used in Netlist ; File Type              ; File Name with Absolute Path                                                                                                                ; Library ;
+----------------------------------+-----------------+------------------------+---------------------------------------------------------------------------------------------------------------------------------------------+---------+
; v/spi_param.h                    ; yes             ; User File              ; C:/Users/dinca/Documents/FPGA_Coursera_Course/Capstone/FPGA_Capstone_Building_FPGA_Projects_Course/week1/DE10_LITE_Small/v/spi_param.h      ;         ;
; v/spi_ee_config.v                ; yes             ; User Verilog HDL File  ; C:/Users/dinca/Documents/FPGA_Coursera_Course/Capstone/FPGA_Capstone_Building_FPGA_Projects_Course/week1/DE10_LITE_Small/v/spi_ee_config.v  ;         ;
; v/spi_controller.v               ; yes             ; User Verilog HDL File  ; C:/Users/dinca/Documents/FPGA_Coursera_Course/Capstone/FPGA_Capstone_Building_FPGA_Projects_Course/week1/DE10_LITE_Small/v/spi_controller.v ;         ;
; v/SEG7_LUT_6.v                   ; yes             ; User Verilog HDL File  ; C:/Users/dinca/Documents/FPGA_Coursera_Course/Capstone/FPGA_Capstone_Building_FPGA_Projects_Course/week1/DE10_LITE_Small/v/SEG7_LUT_6.v     ;         ;
; v/SEG7_LUT.v                     ; yes             ; User Verilog HDL File  ; C:/Users/dinca/Documents/FPGA_Coursera_Course/Capstone/FPGA_Capstone_Building_FPGA_Projects_Course/week1/DE10_LITE_Small/v/SEG7_LUT.v       ;         ;
; v/Reset_Delay.v                  ; yes             ; User Verilog HDL File  ; C:/Users/dinca/Documents/FPGA_Coursera_Course/Capstone/FPGA_Capstone_Building_FPGA_Projects_Course/week1/DE10_LITE_Small/v/Reset_Delay.v    ;         ;
; v/led_driver.v                   ; yes             ; User Verilog HDL File  ; C:/Users/dinca/Documents/FPGA_Coursera_Course/Capstone/FPGA_Capstone_Building_FPGA_Projects_Course/week1/DE10_LITE_Small/v/led_driver.v     ;         ;
; de10_lite_small.v                ; yes             ; User Verilog HDL File  ; C:/Users/dinca/Documents/FPGA_Coursera_Course/Capstone/FPGA_Capstone_Building_FPGA_Projects_Course/week1/DE10_LITE_Small/de10_lite_small.v  ;         ;
+----------------------------------+-----------------+------------------------+---------------------------------------------------------------------------------------------------------------------------------------------+---------+


+-------------------------------------------------------------------+
; Analysis & Synthesis Resource Usage Summary                       ;
+---------------------------------------------+---------------------+
; Resource                                    ; Usage               ;
+---------------------------------------------+---------------------+
; Estimated Total logic elements              ; 126                 ;
;                                             ;                     ;
; Total combinational functions               ; 124                 ;
; Logic element usage by number of LUT inputs ;                     ;
;     -- 4 input functions                    ; 16                  ;
;     -- 3 input functions                    ; 30                  ;
;     -- <=2 input functions                  ; 78                  ;
;                                             ;                     ;
; Logic elements by mode                      ;                     ;
;     -- normal mode                          ; 57                  ;
;     -- arithmetic mode                      ; 67                  ;
;                                             ;                     ;
; Total registers                             ; 75                  ;
;     -- Dedicated logic registers            ; 75                  ;
;     -- I/O registers                        ; 0                   ;
;                                             ;                     ;
; I/O pins                                    ; 69                  ;
;                                             ;                     ;
; Embedded Multiplier 9-bit elements          ; 0                   ;
;                                             ;                     ;
; Maximum fan-out node                        ; MAX10_CLK1_50~input ;
; Maximum fan-out                             ; 47                  ;
; Total fan-out                               ; 647                 ;
; Average fan-out                             ; 1.91                ;
+---------------------------------------------+---------------------+


+-----------------------------------------------------------------------------------------------------------------------------------------------------------------------------------------------------------------------------------------------------------------+
; Analysis & Synthesis Resource Utilization by Entity                                                                                                                                                                                                             ;
+------------------------------+---------------------+---------------------------+-------------+------------+--------------+---------+-----------+------+--------------+------------+--------------------------------------------+-----------------+--------------+
; Compilation Hierarchy Node   ; Combinational ALUTs ; Dedicated Logic Registers ; Memory Bits ; UFM Blocks ; DSP Elements ; DSP 9x9 ; DSP 18x18 ; Pins ; Virtual Pins ; ADC blocks ; Full Hierarchy Name                        ; Entity Name     ; Library Name ;
+------------------------------+---------------------+---------------------------+-------------+------------+--------------+---------+-----------+------+--------------+------------+--------------------------------------------+-----------------+--------------+
; |DE10_LITE_Small             ; 124 (34)            ; 75 (28)                   ; 0           ; 0          ; 0            ; 0       ; 0         ; 69   ; 0            ; 0          ; |DE10_LITE_Small                           ; DE10_LITE_Small ; work         ;
;    |Reset_Delay:r0|          ; 27 (27)             ; 21 (21)                   ; 0           ; 0          ; 0            ; 0       ; 0         ; 0    ; 0            ; 0          ; |DE10_LITE_Small|Reset_Delay:r0            ; Reset_Delay     ; work         ;
;    |SEG7_LUT_6:u0|           ; 14 (0)              ; 0 (0)                     ; 0           ; 0          ; 0            ; 0       ; 0         ; 0    ; 0            ; 0          ; |DE10_LITE_Small|SEG7_LUT_6:u0             ; SEG7_LUT_6      ; work         ;
;       |SEG7_LUT:u0|          ; 14 (14)             ; 0 (0)                     ; 0           ; 0          ; 0            ; 0       ; 0         ; 0    ; 0            ; 0          ; |DE10_LITE_Small|SEG7_LUT_6:u0|SEG7_LUT:u0 ; SEG7_LUT        ; work         ;
;    |led_driver:u_led_driver| ; 49 (49)             ; 26 (26)                   ; 0           ; 0          ; 0            ; 0       ; 0         ; 0    ; 0            ; 0          ; |DE10_LITE_Small|led_driver:u_led_driver   ; led_driver      ; work         ;
+------------------------------+---------------------+---------------------------+-------------+------------+--------------+---------+-----------+------+--------------+------------+--------------------------------------------+-----------------+--------------+
Note: For table entries with two numbers listed, the numbers in parentheses indicate the number of resources of the given type used by the specific entity alone. The numbers listed outside of parentheses indicate the total resources of the given type used by the specific entity and all of its sub-entities in the hierarchy.


+----------------------------------------------------------------------------------------------------------------------+
; Registers Removed During Synthesis                                                                                   ;
+-------------------------------------------------------------------------------+--------------------------------------+
; Register name                                                                 ; Reason for Removal                   ;
+-------------------------------------------------------------------------------+--------------------------------------+
; spi_ee_config:u_spi_ee_config|clear_status_d[0]                               ; Stuck at GND due to stuck port clock ;
; spi_ee_config:u_spi_ee_config|ini_index[0..3]                                 ; Stuck at GND due to stuck port clock ;
; spi_ee_config:u_spi_ee_config|spi_go                                          ; Stuck at GND due to stuck port clock ;
; spi_ee_config:u_spi_ee_config|spi_state                                       ; Stuck at GND due to stuck port clock ;
; spi_ee_config:u_spi_ee_config|read_idle_count[0..14]                          ; Stuck at GND due to stuck port clock ;
; spi_ee_config:u_spi_ee_config|high_byte                                       ; Stuck at GND due to stuck port clock ;
; spi_ee_config:u_spi_ee_config|read_back                                       ; Stuck at GND due to stuck port clock ;
; spi_ee_config:u_spi_ee_config|clear_status                                    ; Stuck at GND due to stuck port clock ;
; spi_ee_config:u_spi_ee_config|p2s_data[8..15]                                 ; Stuck at GND due to stuck port clock ;
; spi_ee_config:u_spi_ee_config|clear_status_d[1..3]                            ; Lost fanout                          ;
; spi_ee_config:u_spi_ee_config|p2s_data[0..7]                                  ; Stuck at GND due to stuck port clock ;
; spi_ee_config:u_spi_ee_config|read_ready                                      ; Stuck at GND due to stuck port clock ;
; spi_ee_config:u_spi_ee_config|oDATA_H[0,1]                                    ; Stuck at GND due to stuck port clock ;
; spi_ee_config:u_spi_ee_config|oDATA_L[4..7]                                   ; Stuck at GND due to stuck port clock ;
; spi_ee_config:u_spi_ee_config|low_byte_data[4..7]                             ; Stuck at GND due to stuck port clock ;
; spi_ee_config:u_spi_ee_config|high_byte_d                                     ; Lost fanout                          ;
; spi_ee_config:u_spi_ee_config|read_back_d                                     ; Lost fanout                          ;
; spi_ee_config:u_spi_ee_config|spi_controller:u_spi_controller|spi_count_en    ; Stuck at GND due to stuck port clock ;
; spi_ee_config:u_spi_ee_config|spi_controller:u_spi_controller|spi_count[0..3] ; Stuck at VCC due to stuck port clock ;
; spi_ee_config:u_spi_ee_config|spi_controller:u_spi_controller|oS2P_DATA[0..7] ; Stuck at GND due to stuck port clock ;
; Cont[28..31]                                                                  ; Lost fanout                          ;
; Total Number of Removed Registers = 74                                        ;                                      ;
+-------------------------------------------------------------------------------+--------------------------------------+


+-----------------------------------------------------------------------------------------------------------------------------------------------------------+
; Removed Registers Triggering Further Register Optimizations                                                                                               ;
+---------------------------------------------------+-------------------------+-----------------------------------------------------------------------------+
; Register name                                     ; Reason for Removal      ; Registers Removed due to This Register                                      ;
+---------------------------------------------------+-------------------------+-----------------------------------------------------------------------------+
; spi_ee_config:u_spi_ee_config|ini_index[3]        ; Stuck at GND            ; spi_ee_config:u_spi_ee_config|p2s_data[12],                                 ;
;                                                   ; due to stuck port clock ; spi_ee_config:u_spi_ee_config|p2s_data[11],                                 ;
;                                                   ;                         ; spi_ee_config:u_spi_ee_config|p2s_data[10],                                 ;
;                                                   ;                         ; spi_ee_config:u_spi_ee_config|p2s_data[9],                                  ;
;                                                   ;                         ; spi_ee_config:u_spi_ee_config|p2s_data[8],                                  ;
;                                                   ;                         ; spi_ee_config:u_spi_ee_config|p2s_data[6],                                  ;
;                                                   ;                         ; spi_ee_config:u_spi_ee_config|p2s_data[5],                                  ;
;                                                   ;                         ; spi_ee_config:u_spi_ee_config|p2s_data[4],                                  ;
;                                                   ;                         ; spi_ee_config:u_spi_ee_config|p2s_data[3],                                  ;
;                                                   ;                         ; spi_ee_config:u_spi_ee_config|p2s_data[2],                                  ;
;                                                   ;                         ; spi_ee_config:u_spi_ee_config|p2s_data[1],                                  ;
;                                                   ;                         ; spi_ee_config:u_spi_ee_config|p2s_data[0]                                   ;
; spi_ee_config:u_spi_ee_config|read_idle_count[14] ; Stuck at GND            ; spi_ee_config:u_spi_ee_config|clear_status,                                 ;
;                                                   ; due to stuck port clock ; spi_ee_config:u_spi_ee_config|p2s_data[15],                                 ;
;                                                   ;                         ; spi_ee_config:u_spi_ee_config|p2s_data[14],                                 ;
;                                                   ;                         ; spi_ee_config:u_spi_ee_config|p2s_data[13],                                 ;
;                                                   ;                         ; spi_ee_config:u_spi_ee_config|spi_controller:u_spi_controller|oS2P_DATA[7], ;
;                                                   ;                         ; spi_ee_config:u_spi_ee_config|spi_controller:u_spi_controller|oS2P_DATA[0]  ;
; spi_ee_config:u_spi_ee_config|spi_go              ; Stuck at GND            ; spi_ee_config:u_spi_ee_config|clear_status_d[3],                            ;
;                                                   ; due to stuck port clock ; spi_ee_config:u_spi_ee_config|clear_status_d[2],                            ;
;                                                   ;                         ; spi_ee_config:u_spi_ee_config|clear_status_d[1],                            ;
;                                                   ;                         ; spi_ee_config:u_spi_ee_config|spi_controller:u_spi_controller|spi_count_en  ;
; spi_ee_config:u_spi_ee_config|oDATA_H[1]          ; Stuck at GND            ; spi_ee_config:u_spi_ee_config|high_byte_d,                                  ;
;                                                   ; due to stuck port clock ; spi_ee_config:u_spi_ee_config|read_back_d                                   ;
+---------------------------------------------------+-------------------------+-----------------------------------------------------------------------------+


+------------------------------------------------------+
; General Register Statistics                          ;
+----------------------------------------------+-------+
; Statistic                                    ; Value ;
+----------------------------------------------+-------+
; Total registers                              ; 75    ;
; Number of registers using Synchronous Clear  ; 0     ;
; Number of registers using Synchronous Load   ; 0     ;
; Number of registers using Asynchronous Clear ; 24    ;
; Number of registers using Asynchronous Load  ; 0     ;
; Number of registers using Clock Enable       ; 44    ;
; Number of registers using Preset             ; 0     ;
+----------------------------------------------+-------+


+--------------------------------------------------+
; Inverted Register Statistics                     ;
+----------------------------------------+---------+
; Inverted Register                      ; Fan out ;
+----------------------------------------+---------+
; led_driver:u_led_driver|int2_count[23] ; 5       ;
; Total number of inverted registers = 1 ;         ;
+----------------------------------------+---------+


+-----------------------------------------------------------------------------------------------------------------------------------------------------------------------+
; Multiplexer Restructuring Statistics (Restructuring Performed)                                                                                                        ;
+--------------------+-----------+---------------+----------------------+------------------------+------------+---------------------------------------------------------+
; Multiplexer Inputs ; Bus Width ; Baseline Area ; Area if Restructured ; Saving if Restructured ; Registered ; Example Multiplexer Output                              ;
+--------------------+-----------+---------------+----------------------+------------------------+------------+---------------------------------------------------------+
; 3:1                ; 23 bits   ; 46 LEs        ; 23 LEs               ; 23 LEs                 ; Yes        ; |DE10_LITE_Small|led_driver:u_led_driver|int2_count[14] ;
; 3:1                ; 4 bits    ; 8 LEs         ; 8 LEs                ; 0 LEs                  ; No         ; |DE10_LITE_Small|LEDR                                   ;
+--------------------+-----------+---------------+----------------------+------------------------+------------+---------------------------------------------------------+


+----------------------------------------------------------------------------+
; Parameter Settings for User Entity Instance: spi_ee_config:u_spi_ee_config ;
+----------------+--------+--------------------------------------------------+
; Parameter Name ; Value  ; Type                                             ;
+----------------+--------+--------------------------------------------------+
; IDLE_MSB       ; 14     ; Signed Integer                                   ;
; SI_DataL       ; 15     ; Signed Integer                                   ;
; SO_DataL       ; 7      ; Signed Integer                                   ;
; WRITE_MODE     ; 00     ; Unsigned Binary                                  ;
; READ_MODE      ; 10     ; Unsigned Binary                                  ;
; INI_NUMBER     ; 1011   ; Unsigned Binary                                  ;
; IDLE           ; 0      ; Unsigned Binary                                  ;
; TRANSFER       ; 1      ; Unsigned Binary                                  ;
; BW_RATE        ; 101100 ; Unsigned Binary                                  ;
; POWER_CONTROL  ; 101101 ; Unsigned Binary                                  ;
; DATA_FORMAT    ; 110001 ; Unsigned Binary                                  ;
; INT_ENABLE     ; 101110 ; Unsigned Binary                                  ;
; INT_MAP        ; 101111 ; Unsigned Binary                                  ;
; THRESH_ACT     ; 100100 ; Unsigned Binary                                  ;
; THRESH_INACT   ; 100101 ; Unsigned Binary                                  ;
; TIME_INACT     ; 100110 ; Unsigned Binary                                  ;
; ACT_INACT_CTL  ; 100111 ; Unsigned Binary                                  ;
; THRESH_FF      ; 101000 ; Unsigned Binary                                  ;
; TIME_FF        ; 101001 ; Unsigned Binary                                  ;
; INT_SOURCE     ; 110000 ; Unsigned Binary                                  ;
; X_LB           ; 110010 ; Unsigned Binary                                  ;
; X_HB           ; 110011 ; Unsigned Binary                                  ;
; Y_LB           ; 110100 ; Unsigned Binary                                  ;
; Y_HB           ; 110101 ; Unsigned Binary                                  ;
; Z_LB           ; 110110 ; Unsigned Binary                                  ;
; Z_HB           ; 110111 ; Unsigned Binary                                  ;
+----------------+--------+--------------------------------------------------+
Note: In order to hide this table in the UI and the text report file, please set the "Show Parameter Settings in Synthesis Report" option in "Analysis and Synthesis Settings -> More Settings" to "Off".


+------------------------------------------------------------------------------------------------------------+
; Parameter Settings for User Entity Instance: spi_ee_config:u_spi_ee_config|spi_controller:u_spi_controller ;
+----------------+--------+----------------------------------------------------------------------------------+
; Parameter Name ; Value  ; Type                                                                             ;
+----------------+--------+----------------------------------------------------------------------------------+
; IDLE_MSB       ; 14     ; Signed Integer                                                                   ;
; SI_DataL       ; 15     ; Signed Integer                                                                   ;
; SO_DataL       ; 7      ; Signed Integer                                                                   ;
; WRITE_MODE     ; 00     ; Unsigned Binary                                                                  ;
; READ_MODE      ; 10     ; Unsigned Binary                                                                  ;
; INI_NUMBER     ; 1011   ; Unsigned Binary                                                                  ;
; IDLE           ; 0      ; Unsigned Binary                                                                  ;
; TRANSFER       ; 1      ; Unsigned Binary                                                                  ;
; BW_RATE        ; 101100 ; Unsigned Binary                                                                  ;
; POWER_CONTROL  ; 101101 ; Unsigned Binary                                                                  ;
; DATA_FORMAT    ; 110001 ; Unsigned Binary                                                                  ;
; INT_ENABLE     ; 101110 ; Unsigned Binary                                                                  ;
; INT_MAP        ; 101111 ; Unsigned Binary                                                                  ;
; THRESH_ACT     ; 100100 ; Unsigned Binary                                                                  ;
; THRESH_INACT   ; 100101 ; Unsigned Binary                                                                  ;
; TIME_INACT     ; 100110 ; Unsigned Binary                                                                  ;
; ACT_INACT_CTL  ; 100111 ; Unsigned Binary                                                                  ;
; THRESH_FF      ; 101000 ; Unsigned Binary                                                                  ;
; TIME_FF        ; 101001 ; Unsigned Binary                                                                  ;
; INT_SOURCE     ; 110000 ; Unsigned Binary                                                                  ;
; X_LB           ; 110010 ; Unsigned Binary                                                                  ;
; X_HB           ; 110011 ; Unsigned Binary                                                                  ;
; Y_LB           ; 110100 ; Unsigned Binary                                                                  ;
; Y_HB           ; 110101 ; Unsigned Binary                                                                  ;
; Z_LB           ; 110110 ; Unsigned Binary                                                                  ;
; Z_HB           ; 110111 ; Unsigned Binary                                                                  ;
+----------------+--------+----------------------------------------------------------------------------------+
Note: In order to hide this table in the UI and the text report file, please set the "Show Parameter Settings in Synthesis Report" option in "Analysis and Synthesis Settings -> More Settings" to "Off".


+-------------------------------------------------------------------------------------------------------------------------+
; Port Connectivity Checks: "spi_ee_config:u_spi_ee_config"                                                               ;
+---------------+--------+----------+-------------------------------------------------------------------------------------+
; Port          ; Type   ; Severity ; Details                                                                             ;
+---------------+--------+----------+-------------------------------------------------------------------------------------+
; oDATA_H[7..2] ; Output ; Info     ; Connected to dangling logic. Logic that only feeds a dangling port will be removed. ;
+---------------+--------+----------+-------------------------------------------------------------------------------------+


+---------------------------------------------------------------------------------------------------------------------------------------------------------------------------------------------------+
; Port Connectivity Checks: "SEG7_LUT_6:u0"                                                                                                                                                         ;
+-------+--------+----------+-----------------------------------------------------------------------------------------------------------------------------------------------------------------------+
; Port  ; Type   ; Severity ; Details                                                                                                                                                               ;
+-------+--------+----------+-----------------------------------------------------------------------------------------------------------------------------------------------------------------------+
; oSEG0 ; Output ; Warning  ; Output or bidir port (7 bits) is smaller than the port expression (8 bits) it drives.  The 1 most-significant bit(s) in the port expression will be connected to GND. ;
; oSEG1 ; Output ; Warning  ; Output or bidir port (7 bits) is smaller than the port expression (8 bits) it drives.  The 1 most-significant bit(s) in the port expression will be connected to GND. ;
; oSEG2 ; Output ; Warning  ; Output or bidir port (7 bits) is smaller than the port expression (8 bits) it drives.  The 1 most-significant bit(s) in the port expression will be connected to GND. ;
; oSEG3 ; Output ; Warning  ; Output or bidir port (7 bits) is smaller than the port expression (8 bits) it drives.  The 1 most-significant bit(s) in the port expression will be connected to GND. ;
; oSEG4 ; Output ; Warning  ; Output or bidir port (7 bits) is smaller than the port expression (8 bits) it drives.  The 1 most-significant bit(s) in the port expression will be connected to GND. ;
; oSEG5 ; Output ; Warning  ; Output or bidir port (7 bits) is smaller than the port expression (8 bits) it drives.  The 1 most-significant bit(s) in the port expression will be connected to GND. ;
+-------+--------+----------+-----------------------------------------------------------------------------------------------------------------------------------------------------------------------+


+-----------------------------------------------------+
; Post-Synthesis Netlist Statistics for Top Partition ;
+-----------------------+-----------------------------+
; Type                  ; Count                       ;
+-----------------------+-----------------------------+
; boundary_port         ; 69                          ;
; cycloneiii_ff         ; 75                          ;
;     CLR               ; 1                           ;
;     ENA               ; 21                          ;
;     ENA CLR           ; 23                          ;
;     plain             ; 30                          ;
; cycloneiii_io_obuf    ; 2                           ;
; cycloneiii_lcell_comb ; 127                         ;
;     arith             ; 67                          ;
;         2 data inputs ; 65                          ;
;         3 data inputs ; 2                           ;
;     normal            ; 60                          ;
;         0 data inputs ; 2                           ;
;         1 data inputs ; 5                           ;
;         2 data inputs ; 9                           ;
;         3 data inputs ; 28                          ;
;         4 data inputs ; 16                          ;
;                       ;                             ;
; Max LUT depth         ; 4.30                        ;
; Average LUT depth     ; 2.86                        ;
+-----------------------+-----------------------------+


+-------------------------------+
; Elapsed Time Per Partition    ;
+----------------+--------------+
; Partition Name ; Elapsed Time ;
+----------------+--------------+
; Top            ; 00:00:00     ;
+----------------+--------------+


+-------------------------------+
; Analysis & Synthesis Messages ;
+-------------------------------+
Info: *******************************************************************
Info: Running Quartus Prime Analysis & Synthesis
    Info: Version 21.1.0 Build 842 10/21/2021 SJ Lite Edition
    Info: Processing started: Tue May 24 17:17:36 2022
Info: Command: quartus_map --read_settings_files=on --write_settings_files=off DE10_LITE_Small -c DE10_LITE_Small
Warning (18236): Number of processors has not been specified which may cause overloading on shared machines.  Set the global assignment NUM_PARALLEL_PROCESSORS in your QSF to an appropriate value for best performance.
Info (20030): Parallel compilation is enabled and will use 2 of the 2 processors detected
Info (12021): Found 1 design units, including 1 entities, in source file v/spi_ee_config.v
    Info (12023): Found entity 1: spi_ee_config File: C:/Users/dinca/Documents/FPGA_Coursera_Course/Capstone/FPGA_Capstone_Building_FPGA_Projects_Course/week1/DE10_LITE_Small/v/spi_ee_config.v Line: 1
Info (12021): Found 1 design units, including 1 entities, in source file v/spi_controller.v
    Info (12023): Found entity 1: spi_controller File: C:/Users/dinca/Documents/FPGA_Coursera_Course/Capstone/FPGA_Capstone_Building_FPGA_Projects_Course/week1/DE10_LITE_Small/v/spi_controller.v Line: 1
Info (12021): Found 1 design units, including 1 entities, in source file v/seg7_lut_6.v
    Info (12023): Found entity 1: SEG7_LUT_6 File: C:/Users/dinca/Documents/FPGA_Coursera_Course/Capstone/FPGA_Capstone_Building_FPGA_Projects_Course/week1/DE10_LITE_Small/v/SEG7_LUT_6.v Line: 1
Info (12021): Found 1 design units, including 1 entities, in source file v/seg7_lut.v
    Info (12023): Found entity 1: SEG7_LUT File: C:/Users/dinca/Documents/FPGA_Coursera_Course/Capstone/FPGA_Capstone_Building_FPGA_Projects_Course/week1/DE10_LITE_Small/v/SEG7_LUT.v Line: 1
Info (12021): Found 1 design units, including 1 entities, in source file v/reset_delay.v
    Info (12023): Found entity 1: Reset_Delay File: C:/Users/dinca/Documents/FPGA_Coursera_Course/Capstone/FPGA_Capstone_Building_FPGA_Projects_Course/week1/DE10_LITE_Small/v/Reset_Delay.v Line: 1
Warning (10229): Verilog HDL Expression warning at led_driver.v(44): truncated literal to match 3 bits File: C:/Users/dinca/Documents/FPGA_Coursera_Course/Capstone/FPGA_Capstone_Building_FPGA_Projects_Course/week1/DE10_LITE_Small/v/led_driver.v Line: 44
Info (12021): Found 1 design units, including 1 entities, in source file v/led_driver.v
    Info (12023): Found entity 1: led_driver File: C:/Users/dinca/Documents/FPGA_Coursera_Course/Capstone/FPGA_Capstone_Building_FPGA_Projects_Course/week1/DE10_LITE_Small/v/led_driver.v Line: 1
Info (12021): Found 1 design units, including 1 entities, in source file de10_lite_small.v
    Info (12023): Found entity 1: DE10_LITE_Small File: C:/Users/dinca/Documents/FPGA_Coursera_Course/Capstone/FPGA_Capstone_Building_FPGA_Projects_Course/week1/DE10_LITE_Small/de10_lite_small.v Line: 6
Info (12127): Elaborating entity "DE10_LITE_Small" for the top level hierarchy
Info (12128): Elaborating entity "Reset_Delay" for hierarchy "Reset_Delay:r0" File: C:/Users/dinca/Documents/FPGA_Coursera_Course/Capstone/FPGA_Capstone_Building_FPGA_Projects_Course/week1/DE10_LITE_Small/de10_lite_small.v Line: 79
Warning (10230): Verilog HDL assignment warning at Reset_Delay.v(10): truncated value with size 32 to match size of target (20) File: C:/Users/dinca/Documents/FPGA_Coursera_Course/Capstone/FPGA_Capstone_Building_FPGA_Projects_Course/week1/DE10_LITE_Small/v/Reset_Delay.v Line: 10
Info (12128): Elaborating entity "SEG7_LUT_6" for hierarchy "SEG7_LUT_6:u0" File: C:/Users/dinca/Documents/FPGA_Coursera_Course/Capstone/FPGA_Capstone_Building_FPGA_Projects_Course/week1/DE10_LITE_Small/de10_lite_small.v Line: 89
Info (12128): Elaborating entity "SEG7_LUT" for hierarchy "SEG7_LUT_6:u0|SEG7_LUT:u0" File: C:/Users/dinca/Documents/FPGA_Coursera_Course/Capstone/FPGA_Capstone_Building_FPGA_Projects_Course/week1/DE10_LITE_Small/v/SEG7_LUT_6.v Line: 5
Info (12128): Elaborating entity "spi_ee_config" for hierarchy "spi_ee_config:u_spi_ee_config" File: C:/Users/dinca/Documents/FPGA_Coursera_Course/Capstone/FPGA_Capstone_Building_FPGA_Projects_Course/week1/DE10_LITE_Small/de10_lite_small.v Line: 103
Warning (10230): Verilog HDL assignment warning at spi_ee_config.v(113): truncated value with size 32 to match size of target (15) File: C:/Users/dinca/Documents/FPGA_Coursera_Course/Capstone/FPGA_Capstone_Building_FPGA_Projects_Course/week1/DE10_LITE_Small/v/spi_ee_config.v Line: 113
Info (12128): Elaborating entity "spi_controller" for hierarchy "spi_ee_config:u_spi_ee_config|spi_controller:u_spi_controller" File: C:/Users/dinca/Documents/FPGA_Coursera_Course/Capstone/FPGA_Capstone_Building_FPGA_Projects_Course/week1/DE10_LITE_Small/v/spi_ee_config.v Line: 60
Info (12128): Elaborating entity "led_driver" for hierarchy "led_driver:u_led_driver" File: C:/Users/dinca/Documents/FPGA_Coursera_Course/Capstone/FPGA_Capstone_Building_FPGA_Projects_Course/week1/DE10_LITE_Small/de10_lite_small.v Line: 113
Warning (10036): Verilog HDL or VHDL warning at led_driver.v(16): object "int2_count_en" assigned a value but never read File: C:/Users/dinca/Documents/FPGA_Coursera_Course/Capstone/FPGA_Capstone_Building_FPGA_Projects_Course/week1/DE10_LITE_Small/v/led_driver.v Line: 16
Warning (10230): Verilog HDL assignment warning at led_driver.v(69): truncated value with size 32 to match size of target (24) File: C:/Users/dinca/Documents/FPGA_Coursera_Course/Capstone/FPGA_Capstone_Building_FPGA_Projects_Course/week1/DE10_LITE_Small/v/led_driver.v Line: 69
Warning (12241): 1 hierarchies have connectivity warnings - see the Connectivity Checks report folder
Warning (13039): The following bidirectional pins have no drivers
    Warning (13040): bidirectional pin "GSENSOR_SDO" has no driver File: C:/Users/dinca/Documents/FPGA_Coursera_Course/Capstone/FPGA_Capstone_Building_FPGA_Projects_Course/week1/DE10_LITE_Small/de10_lite_small.v Line: 37
Info (13000): Registers with preset signals will power-up high File: C:/Users/dinca/Documents/FPGA_Coursera_Course/Capstone/FPGA_Capstone_Building_FPGA_Projects_Course/week1/DE10_LITE_Small/v/led_driver.v Line: 59
Info (13003): DEV_CLRn pin will set, and not reset, register with preset signal due to NOT Gate Push-Back
Warning (13024): Output pins are stuck at VCC or GND
    Warning (13410): Pin "HEX0[7]" is stuck at GND File: C:/Users/dinca/Documents/FPGA_Coursera_Course/Capstone/FPGA_Capstone_Building_FPGA_Projects_Course/week1/DE10_LITE_Small/de10_lite_small.v Line: 15
    Warning (13410): Pin "HEX1[7]" is stuck at GND File: C:/Users/dinca/Documents/FPGA_Coursera_Course/Capstone/FPGA_Capstone_Building_FPGA_Projects_Course/week1/DE10_LITE_Small/de10_lite_small.v Line: 16
    Warning (13410): Pin "HEX2[7]" is stuck at GND File: C:/Users/dinca/Documents/FPGA_Coursera_Course/Capstone/FPGA_Capstone_Building_FPGA_Projects_Course/week1/DE10_LITE_Small/de10_lite_small.v Line: 17
    Warning (13410): Pin "HEX3[7]" is stuck at GND File: C:/Users/dinca/Documents/FPGA_Coursera_Course/Capstone/FPGA_Capstone_Building_FPGA_Projects_Course/week1/DE10_LITE_Small/de10_lite_small.v Line: 18
    Warning (13410): Pin "HEX4[7]" is stuck at GND File: C:/Users/dinca/Documents/FPGA_Coursera_Course/Capstone/FPGA_Capstone_Building_FPGA_Projects_Course/week1/DE10_LITE_Small/de10_lite_small.v Line: 19
    Warning (13410): Pin "HEX5[7]" is stuck at GND File: C:/Users/dinca/Documents/FPGA_Coursera_Course/Capstone/FPGA_Capstone_Building_FPGA_Projects_Course/week1/DE10_LITE_Small/de10_lite_small.v Line: 20
    Warning (13410): Pin "GSENSOR_CS_N" is stuck at VCC File: C:/Users/dinca/Documents/FPGA_Coursera_Course/Capstone/FPGA_Capstone_Building_FPGA_Projects_Course/week1/DE10_LITE_Small/de10_lite_small.v Line: 30
    Warning (13410): Pin "GSENSOR_SCLK" is stuck at VCC File: C:/Users/dinca/Documents/FPGA_Coursera_Course/Capstone/FPGA_Capstone_Building_FPGA_Projects_Course/week1/DE10_LITE_Small/de10_lite_small.v Line: 32
Info (286030): Timing-Driven Synthesis is running
Info (17049): 9 registers lost all their fanouts during netlist optimizations.
Info (144001): Generated suppressed messages file C:/Users/dinca/Documents/FPGA_Coursera_Course/Capstone/FPGA_Capstone_Building_FPGA_Projects_Course/week1/DE10_LITE_Small/DE10_LITE_Small.map.smsg
Info (16010): Generating hard_block partition "hard_block:auto_generated_inst"
    Info (16011): Adding 0 node(s), including 0 DDIO, 0 PLL, 0 transceiver and 0 LCELL
Warning (21074): Design contains 2 input pin(s) that do not drive logic
    Warning (15610): No output dependent on input pin "ADC_CLK_10" File: C:/Users/dinca/Documents/FPGA_Coursera_Course/Capstone/FPGA_Capstone_Building_FPGA_Projects_Course/week1/DE10_LITE_Small/de10_lite_small.v Line: 9
    Warning (15610): No output dependent on input pin "GSENSOR_INT[2]" File: C:/Users/dinca/Documents/FPGA_Coursera_Course/Capstone/FPGA_Capstone_Building_FPGA_Projects_Course/week1/DE10_LITE_Small/de10_lite_small.v Line: 31
Info (21057): Implemented 196 device resources after synthesis - the final resource count might be different
    Info (21058): Implemented 7 input pins
    Info (21059): Implemented 60 output pins
    Info (21060): Implemented 2 bidirectional pins
    Info (21061): Implemented 127 logic cells
Info: Quartus Prime Analysis & Synthesis was successful. 0 errors, 21 warnings
    Info: Peak virtual memory: 4761 megabytes
    Info: Processing ended: Tue May 24 17:17:49 2022
    Info: Elapsed time: 00:00:13
    Info: Total CPU time (on all processors): 00:00:28


+------------------------------------------+
; Analysis & Synthesis Suppressed Messages ;
+------------------------------------------+
The suppressed messages can be found in C:/Users/dinca/Documents/FPGA_Coursera_Course/Capstone/FPGA_Capstone_Building_FPGA_Projects_Course/week1/DE10_LITE_Small/DE10_LITE_Small.map.smsg.


